Started GET "/login" for ::1 at 2024-11-22 08:00:24 +0530
  
ActionController::RoutingError (No route matches [GET] "/login"):
  
Started GET "/" for ::1 at 2024-11-22 08:00:27 +0530
Processing by Rails::WelcomeController#index as HTML
  Rendering C:/RailsInstaller/Ruby3.1.2/lib/ruby/gems/3.1.0/gems/railties-7.0.8.6/lib/rails/templates/rails/welcome/index.html.erb
  Rendered C:/RailsInstaller/Ruby3.1.2/lib/ruby/gems/3.1.0/gems/railties-7.0.8.6/lib/rails/templates/rails/welcome/index.html.erb (Duration: 3.1ms | Allocations: 302)
Completed 200 OK in 39ms (Views: 6.3ms | ActiveRecord: 0.0ms | Allocations: 3040)


  [1m[35m (7.4ms)[0m  [1m[35mCREATE TABLE "schema_migrations" ("version" varchar NOT NULL PRIMARY KEY)[0m
  [1m[35m (6.7ms)[0m  [1m[35mCREATE TABLE "ar_internal_metadata" ("key" varchar NOT NULL PRIMARY KEY, "value" varchar, "created_at" datetime(6) NOT NULL, "updated_at" datetime(6) NOT NULL)[0m
  [1m[36mActiveRecord::SchemaMigration Pluck (0.2ms)[0m  [1m[34mSELECT "schema_migrations"."version" FROM "schema_migrations" ORDER BY "schema_migrations"."version" ASC[0m
Migrating to CreatePosts (20241122072906)
  [1m[36mTRANSACTION (0.1ms)[0m  [1m[36mbegin transaction[0m
  [1m[35m (1.0ms)[0m  [1m[35mCREATE TABLE "posts" ("id" integer PRIMARY KEY AUTOINCREMENT NOT NULL, "title" varchar, "body" text, "created_at" datetime(6) NOT NULL, "updated_at" datetime(6) NOT NULL)[0m
  [1m[36mActiveRecord::SchemaMigration Create (0.2ms)[0m  [1m[32mINSERT INTO "schema_migrations" ("version") VALUES (?)[0m  [["version", "20241122072906"]]
  [1m[36mTRANSACTION (13.5ms)[0m  [1m[36mcommit transaction[0m
  [1m[36mActiveRecord::InternalMetadata Load (0.4ms)[0m  [1m[34mSELECT "ar_internal_metadata".* FROM "ar_internal_metadata" WHERE "ar_internal_metadata"."key" = ? LIMIT ?[0m  [["key", "environment"], ["LIMIT", 1]]
  [1m[36mTRANSACTION (0.1ms)[0m  [1m[36mbegin transaction[0m
  [1m[36mActiveRecord::InternalMetadata Create (1.2ms)[0m  [1m[32mINSERT INTO "ar_internal_metadata" ("key", "value", "created_at", "updated_at") VALUES (?, ?, ?, ?)[0m  [["key", "environment"], ["value", "development"], ["created_at", "2024-11-22 07:29:42.743029"], ["updated_at", "2024-11-22 07:29:42.743029"]]
  [1m[36mTRANSACTION (3.1ms)[0m  [1m[36mcommit transaction[0m
  [1m[36mActiveRecord::SchemaMigration Pluck (0.1ms)[0m  [1m[34mSELECT "schema_migrations"."version" FROM "schema_migrations" ORDER BY "schema_migrations"."version" ASC[0m
Started GET "/" for ::1 at 2024-11-22 13:00:11 +0530
  [1m[36mActiveRecord::SchemaMigration Pluck (0.3ms)[0m  [1m[34mSELECT "schema_migrations"."version" FROM "schema_migrations" ORDER BY "schema_migrations"."version" ASC[0m
Processing by Rails::WelcomeController#index as HTML
  Rendering C:/RailsInstaller/Ruby3.1.2/lib/ruby/gems/3.1.0/gems/railties-7.0.8.6/lib/rails/templates/rails/welcome/index.html.erb
  Rendered C:/RailsInstaller/Ruby3.1.2/lib/ruby/gems/3.1.0/gems/railties-7.0.8.6/lib/rails/templates/rails/welcome/index.html.erb (Duration: 6.5ms | Allocations: 553)
Completed 200 OK in 93ms (Views: 29.0ms | ActiveRecord: 0.0ms | Allocations: 4959)


Started GET "/" for ::1 at 2024-11-22 13:01:29 +0530
Processing by PostsController#index as HTML
  Rendering layout layouts/application.html.erb
  Rendering posts/index.html.erb within layouts/application
  [1m[36mPost Load (0.2ms)[0m  [1m[34mSELECT "posts".* FROM "posts"[0m
  ↳ app/views/posts/index.html.erb:6
  Rendered posts/index.html.erb within layouts/application (Duration: 12.5ms | Allocations: 1526)
  Rendered layout layouts/application.html.erb (Duration: 849.8ms | Allocations: 91865)
Completed 200 OK in 883ms (Views: 860.0ms | ActiveRecord: 0.7ms | Allocations: 93900)


Started GET "/" for ::1 at 2024-11-22 13:04:28 +0530
Processing by PostsController#index as HTML
  Rendering layout layouts/application.html.erb
  Rendering posts/index.html.erb within layouts/application
  [1m[36mPost Load (0.4ms)[0m  [1m[34mSELECT "posts".* FROM "posts"[0m
  ↳ app/views/posts/index.html.erb:14
  Rendered posts/index.html.erb within layouts/application (Duration: 11.2ms | Allocations: 1021)
  Rendered layout layouts/application.html.erb (Duration: 37.9ms | Allocations: 3189)
Completed 200 OK in 72ms (Views: 57.2ms | ActiveRecord: 0.4ms | Allocations: 4183)


Started GET "/posts/new" for ::1 at 2024-11-22 13:04:30 +0530
Processing by PostsController#new as HTML
  Rendering layout layouts/application.html.erb
  Rendering posts/new.html.erb within layouts/application
  Rendered posts/_form.html.erb (Duration: 107.3ms | Allocations: 3096)
  Rendered posts/new.html.erb within layouts/application (Duration: 118.0ms | Allocations: 3446)
  Rendered layout layouts/application.html.erb (Duration: 143.4ms | Allocations: 5130)
Completed 200 OK in 346ms (Views: 146.3ms | ActiveRecord: 2.1ms | Allocations: 15644)


Started GET "/" for ::1 at 2024-11-22 13:05:02 +0530
Processing by PostsController#index as HTML
  Rendering layout layouts/application.html.erb
  Rendering posts/index.html.erb within layouts/application
  [1m[36mPost Load (0.4ms)[0m  [1m[34mSELECT "posts".* FROM "posts"[0m
  ↳ app/views/posts/index.html.erb:14
  Rendered posts/index.html.erb within layouts/application (Duration: 24.5ms | Allocations: 1024)
  Rendered layout layouts/application.html.erb (Duration: 61.8ms | Allocations: 3186)
Completed 200 OK in 96ms (Views: 84.5ms | ActiveRecord: 0.4ms | Allocations: 4193)


Started GET "/posts/new" for ::1 at 2024-11-22 13:05:05 +0530
Processing by PostsController#new as HTML
  Rendering layout layouts/application.html.erb
  Rendering posts/new.html.erb within layouts/application
  Rendered posts/_form.html.erb (Duration: 32.0ms | Allocations: 1385)
  Rendered posts/new.html.erb within layouts/application (Duration: 39.1ms | Allocations: 1669)
  Rendered layout layouts/application.html.erb (Duration: 76.0ms | Allocations: 3228)
Completed 200 OK in 93ms (Views: 79.8ms | ActiveRecord: 0.0ms | Allocations: 3609)


Started POST "/posts" for ::1 at 2024-11-22 13:05:20 +0530
Processing by PostsController#create as TURBO_STREAM
  Parameters: {"authenticity_token"=>"[FILTERED]", "post"=>{"title"=>"Rolt", "body"=>"dsh"}, "commit"=>"Create Post"}
  [1m[36mTRANSACTION (0.2ms)[0m  [1m[36mbegin transaction[0m
  ↳ app/controllers/posts_controller.rb:27:in `block in create'
  [1m[36mPost Create (4.1ms)[0m  [1m[32mINSERT INTO "posts" ("title", "body", "created_at", "updated_at") VALUES (?, ?, ?, ?)[0m  [["title", "Rolt"], ["body", "dsh"], ["created_at", "2024-11-22 07:35:20.589232"], ["updated_at", "2024-11-22 07:35:20.589232"]]
  ↳ app/controllers/posts_controller.rb:27:in `block in create'
  [1m[36mTRANSACTION (13.6ms)[0m  [1m[36mcommit transaction[0m
  ↳ app/controllers/posts_controller.rb:27:in `block in create'
Redirected to http://localhost:3000/posts/1
Completed 302 Found in 48ms (ActiveRecord: 17.9ms | Allocations: 3824)


Started GET "/posts/1" for ::1 at 2024-11-22 13:05:20 +0530
Processing by PostsController#show as TURBO_STREAM
  Parameters: {"id"=>"1"}
  [1m[36mPost Load (0.7ms)[0m  [1m[34mSELECT "posts".* FROM "posts" WHERE "posts"."id" = ? LIMIT ?[0m  [["id", 1], ["LIMIT", 1]]
  ↳ app/controllers/posts_controller.rb:63:in `set_post'
  Rendering layout layouts/application.html.erb
  Rendering posts/show.html.erb within layouts/application
  Rendered posts/_post.html.erb (Duration: 3.0ms | Allocations: 226)
  Rendered posts/show.html.erb within layouts/application (Duration: 42.1ms | Allocations: 1600)
  Rendered layout layouts/application.html.erb (Duration: 64.5ms | Allocations: 3268)
Completed 200 OK in 100ms (Views: 69.8ms | ActiveRecord: 0.7ms | Allocations: 6160)


Started GET "/posts" for ::1 at 2024-11-22 13:05:23 +0530
Processing by PostsController#index as HTML
  Rendering layout layouts/application.html.erb
  Rendering posts/index.html.erb within layouts/application
  [1m[36mPost Load (0.5ms)[0m  [1m[34mSELECT "posts".* FROM "posts"[0m
  ↳ app/views/posts/index.html.erb:14
  Rendered posts/index.html.erb within layouts/application (Duration: 5.3ms | Allocations: 801)
  Rendered layout layouts/application.html.erb (Duration: 19.8ms | Allocations: 2575)
Completed 200 OK in 29ms (Views: 22.7ms | ActiveRecord: 0.5ms | Allocations: 2909)


Started GET "/posts/1" for ::1 at 2024-11-22 13:05:27 +0530
Processing by PostsController#show as HTML
  Parameters: {"id"=>"1"}
  [1m[36mPost Load (0.4ms)[0m  [1m[34mSELECT "posts".* FROM "posts" WHERE "posts"."id" = ? LIMIT ?[0m  [["id", 1], ["LIMIT", 1]]
  ↳ app/controllers/posts_controller.rb:63:in `set_post'
  Rendering layout layouts/application.html.erb
  Rendering posts/show.html.erb within layouts/application
  Rendered posts/_post.html.erb (Duration: 0.2ms | Allocations: 19)
  Rendered posts/show.html.erb within layouts/application (Duration: 3.7ms | Allocations: 566)
  Rendered layout layouts/application.html.erb (Duration: 17.5ms | Allocations: 2117)
Completed 200 OK in 31ms (Views: 20.4ms | ActiveRecord: 0.4ms | Allocations: 2905)


Started DELETE "/posts/1" for ::1 at 2024-11-22 13:05:28 +0530
Processing by PostsController#destroy as TURBO_STREAM
  Parameters: {"authenticity_token"=>"[FILTERED]", "id"=>"1"}
  [1m[36mPost Load (0.3ms)[0m  [1m[34mSELECT "posts".* FROM "posts" WHERE "posts"."id" = ? LIMIT ?[0m  [["id", 1], ["LIMIT", 1]]
  ↳ app/controllers/posts_controller.rb:63:in `set_post'
  [1m[36mTRANSACTION (0.1ms)[0m  [1m[36mbegin transaction[0m
  ↳ app/controllers/posts_controller.rb:52:in `destroy'
  [1m[36mPost Destroy (2.6ms)[0m  [1m[31mDELETE FROM "posts" WHERE "posts"."id" = ?[0m  [["id", 1]]
  ↳ app/controllers/posts_controller.rb:52:in `destroy'
  [1m[36mTRANSACTION (10.3ms)[0m  [1m[36mcommit transaction[0m
  ↳ app/controllers/posts_controller.rb:52:in `destroy'
Redirected to http://localhost:3000/posts
Completed 303 See Other in 37ms (ActiveRecord: 13.3ms | Allocations: 2528)


Started GET "/posts" for ::1 at 2024-11-22 13:05:29 +0530
Processing by PostsController#index as TURBO_STREAM
  Rendering layout layouts/application.html.erb
  Rendering posts/index.html.erb within layouts/application
  [1m[36mPost Load (0.3ms)[0m  [1m[34mSELECT "posts".* FROM "posts"[0m
  ↳ app/views/posts/index.html.erb:14
  Rendered posts/index.html.erb within layouts/application (Duration: 5.2ms | Allocations: 579)
  Rendered layout layouts/application.html.erb (Duration: 16.3ms | Allocations: 2324)
Completed 200 OK in 23ms (Views: 18.7ms | ActiveRecord: 0.3ms | Allocations: 2623)


Started GET "/posts/new" for ::1 at 2024-11-22 13:09:55 +0530
Processing by PostsController#new as HTML
  Rendering layout layouts/application.html.erb
  Rendering posts/new.html.erb within layouts/application
  Rendered posts/_form.html.erb (Duration: 5.7ms | Allocations: 1023)
  Rendered posts/new.html.erb within layouts/application (Duration: 8.5ms | Allocations: 1111)
  Rendered layout layouts/application.html.erb (Duration: 22.5ms | Allocations: 2670)
Completed 200 OK in 33ms (Views: 28.0ms | ActiveRecord: 0.0ms | Allocations: 2974)


Started GET "/posts" for ::1 at 2024-11-22 13:10:01 +0530
Processing by PostsController#index as HTML
  Rendering layout layouts/application.html.erb
  Rendering posts/index.html.erb within layouts/application
  [1m[36mPost Load (0.3ms)[0m  [1m[34mSELECT "posts".* FROM "posts"[0m
  ↳ app/views/posts/index.html.erb:14
  Rendered posts/index.html.erb within layouts/application (Duration: 3.5ms | Allocations: 579)
  Rendered layout layouts/application.html.erb (Duration: 18.2ms | Allocations: 2330)
Completed 200 OK in 24ms (Views: 21.0ms | ActiveRecord: 0.3ms | Allocations: 2628)


Started GET "/" for ::1 at 2024-12-06 16:21:09 +0530
  [1m[36mActiveRecord::SchemaMigration Pluck (0.3ms)[0m  [1m[34mSELECT "schema_migrations"."version" FROM "schema_migrations" ORDER BY "schema_migrations"."version" ASC[0m
Processing by PostsController#index as HTML
  Rendering layout layouts/application.html.erb
  Rendering posts/index.html.erb within layouts/application
  [1m[36mPost Load (0.3ms)[0m  [1m[34mSELECT "posts".* FROM "posts"[0m
  ↳ app/views/posts/index.html.erb:14
  Rendered posts/index.html.erb within layouts/application (Duration: 6.2ms | Allocations: 1482)
  Rendered layout layouts/application.html.erb (Duration: 135.6ms | Allocations: 39958)
Completed 200 OK in 193ms (Views: 150.8ms | ActiveRecord: 0.3ms | Allocations: 45356)


Started GET "/posts/new" for ::1 at 2024-12-06 16:21:11 +0530
Processing by PostsController#new as HTML
  Rendering layout layouts/application.html.erb
  Rendering posts/new.html.erb within layouts/application
  Rendered posts/_form.html.erb (Duration: 17.2ms | Allocations: 2725)
  Rendered posts/new.html.erb within layouts/application (Duration: 19.8ms | Allocations: 3075)
  Rendered layout layouts/application.html.erb (Duration: 34.1ms | Allocations: 4759)
Completed 200 OK in 62ms (Views: 39.0ms | ActiveRecord: 1.4ms | Allocations: 9625)


Started POST "/posts" for ::1 at 2024-12-06 16:21:17 +0530
Processing by PostsController#create as TURBO_STREAM
  Parameters: {"authenticity_token"=>"[FILTERED]", "post"=>{"title"=>"Test", "body"=>"gfgf"}, "commit"=>"Create Post"}
  [1m[36mTRANSACTION (0.1ms)[0m  [1m[36mbegin transaction[0m
  ↳ app/controllers/posts_controller.rb:27:in `block in create'
  [1m[36mPost Create (1.8ms)[0m  [1m[32mINSERT INTO "posts" ("title", "body", "created_at", "updated_at") VALUES (?, ?, ?, ?)[0m  [["title", "Test"], ["body", "gfgf"], ["created_at", "2024-12-06 10:51:17.487406"], ["updated_at", "2024-12-06 10:51:17.487406"]]
  ↳ app/controllers/posts_controller.rb:27:in `block in create'
  [1m[36mTRANSACTION (11.8ms)[0m  [1m[36mcommit transaction[0m
  ↳ app/controllers/posts_controller.rb:27:in `block in create'
Redirected to http://localhost:3000/posts/2
Completed 302 Found in 46ms (ActiveRecord: 13.7ms | Allocations: 3930)


Started GET "/posts/2" for ::1 at 2024-12-06 16:21:17 +0530
Processing by PostsController#show as TURBO_STREAM
  Parameters: {"id"=>"2"}
  [1m[36mPost Load (0.3ms)[0m  [1m[34mSELECT "posts".* FROM "posts" WHERE "posts"."id" = ? LIMIT ?[0m  [["id", 2], ["LIMIT", 1]]
  ↳ app/controllers/posts_controller.rb:63:in `set_post'
  Rendering layout layouts/application.html.erb
  Rendering posts/show.html.erb within layouts/application
  Rendered posts/_post.html.erb (Duration: 1.7ms | Allocations: 226)
  Rendered posts/show.html.erb within layouts/application (Duration: 11.8ms | Allocations: 1527)
  Rendered layout layouts/application.html.erb (Duration: 25.1ms | Allocations: 3193)
Completed 200 OK in 47ms (Views: 33.1ms | ActiveRecord: 0.3ms | Allocations: 6081)


Started GET "/posts" for ::1 at 2024-12-06 16:21:19 +0530
Processing by PostsController#index as HTML
  Rendering layout layouts/application.html.erb
  Rendering posts/index.html.erb within layouts/application
  [1m[36mPost Load (0.2ms)[0m  [1m[34mSELECT "posts".* FROM "posts"[0m
  ↳ app/views/posts/index.html.erb:14
  Rendered posts/index.html.erb within layouts/application (Duration: 3.2ms | Allocations: 811)
  Rendered layout layouts/application.html.erb (Duration: 20.8ms | Allocations: 2574)
Completed 200 OK in 25ms (Views: 22.2ms | ActiveRecord: 0.2ms | Allocations: 2915)


Started GET "/posts/2" for ::1 at 2024-12-06 16:21:22 +0530
Processing by PostsController#show as HTML
  Parameters: {"id"=>"2"}
  [1m[36mPost Load (0.3ms)[0m  [1m[34mSELECT "posts".* FROM "posts" WHERE "posts"."id" = ? LIMIT ?[0m  [["id", 2], ["LIMIT", 1]]
  ↳ app/controllers/posts_controller.rb:63:in `set_post'
  Rendering layout layouts/application.html.erb
  Rendering posts/show.html.erb within layouts/application
  Rendered posts/_post.html.erb (Duration: 0.1ms | Allocations: 19)
  Rendered posts/show.html.erb within layouts/application (Duration: 1.9ms | Allocations: 566)
  Rendered layout layouts/application.html.erb (Duration: 18.4ms | Allocations: 2118)
Completed 200 OK in 37ms (Views: 26.4ms | ActiveRecord: 0.3ms | Allocations: 2919)


Started DELETE "/posts/2" for ::1 at 2024-12-06 16:21:23 +0530
Processing by PostsController#destroy as TURBO_STREAM
  Parameters: {"authenticity_token"=>"[FILTERED]", "id"=>"2"}
  [1m[36mPost Load (0.4ms)[0m  [1m[34mSELECT "posts".* FROM "posts" WHERE "posts"."id" = ? LIMIT ?[0m  [["id", 2], ["LIMIT", 1]]
  ↳ app/controllers/posts_controller.rb:63:in `set_post'
  [1m[36mTRANSACTION (0.1ms)[0m  [1m[36mbegin transaction[0m
  ↳ app/controllers/posts_controller.rb:52:in `destroy'
  [1m[36mPost Destroy (2.0ms)[0m  [1m[31mDELETE FROM "posts" WHERE "posts"."id" = ?[0m  [["id", 2]]
  ↳ app/controllers/posts_controller.rb:52:in `destroy'
  [1m[36mTRANSACTION (6.4ms)[0m  [1m[36mcommit transaction[0m
  ↳ app/controllers/posts_controller.rb:52:in `destroy'
Redirected to http://localhost:3000/posts
Completed 303 See Other in 66ms (ActiveRecord: 9.0ms | Allocations: 2532)


Started GET "/posts" for ::1 at 2024-12-06 16:21:23 +0530
Processing by PostsController#index as TURBO_STREAM
  Rendering layout layouts/application.html.erb
  Rendering posts/index.html.erb within layouts/application
  [1m[36mPost Load (0.2ms)[0m  [1m[34mSELECT "posts".* FROM "posts"[0m
  ↳ app/views/posts/index.html.erb:14
  Rendered posts/index.html.erb within layouts/application (Duration: 13.0ms | Allocations: 579)
  Rendered layout layouts/application.html.erb (Duration: 36.5ms | Allocations: 2328)
Completed 200 OK in 41ms (Views: 37.8ms | ActiveRecord: 0.2ms | Allocations: 2629)


Started GET "/posts/new" for ::1 at 2024-12-06 16:21:24 +0530
Processing by PostsController#new as HTML
  Rendering layout layouts/application.html.erb
  Rendering posts/new.html.erb within layouts/application
  Rendered posts/_form.html.erb (Duration: 2.4ms | Allocations: 1021)
  Rendered posts/new.html.erb within layouts/application (Duration: 3.8ms | Allocations: 1109)
  Rendered layout layouts/application.html.erb (Duration: 21.8ms | Allocations: 2668)
Completed 200 OK in 27ms (Views: 23.3ms | ActiveRecord: 0.0ms | Allocations: 2972)


Started GET "/posts/new" for ::1 at 2024-12-06 16:21:29 +0530
Processing by PostsController#new as HTML
  Rendering layout layouts/application.html.erb
  Rendering posts/new.html.erb within layouts/application
  Rendered posts/_form.html.erb (Duration: 1.9ms | Allocations: 972)
  Rendered posts/new.html.erb within layouts/application (Duration: 2.8ms | Allocations: 1059)
  Rendered layout layouts/application.html.erb (Duration: 43.5ms | Allocations: 2618)
Completed 200 OK in 48ms (Views: 45.2ms | ActiveRecord: 0.0ms | Allocations: 2918)


Started GET "/posts/new" for ::1 at 2024-12-06 16:21:37 +0530
Processing by PostsController#new as HTML
  Rendering layout layouts/application.html.erb
  Rendering posts/new.html.erb within layouts/application
  Rendered posts/_form.html.erb (Duration: 2.0ms | Allocations: 954)
  Rendered posts/new.html.erb within layouts/application (Duration: 8.0ms | Allocations: 1041)
  Rendered layout layouts/application.html.erb (Duration: 42.3ms | Allocations: 2605)
Completed 200 OK in 48ms (Views: 44.0ms | ActiveRecord: 0.0ms | Allocations: 2903)


Started GET "/posts/new" for ::1 at 2024-12-06 16:25:54 +0530
Processing by PostsController#new as HTML
  Rendering layout layouts/application.html.erb
  Rendering posts/new.html.erb within layouts/application
  Rendered posts/_form.html.erb (Duration: 5.7ms | Allocations: 1509)
  Rendered posts/new.html.erb within layouts/application (Duration: 9.1ms | Allocations: 1836)
  Rendered layout layouts/application.html.erb (Duration: 16.8ms | Allocations: 3765)
Completed 200 OK in 31ms (Views: 25.3ms | ActiveRecord: 0.0ms | Allocations: 4709)


Started GET "/posts" for ::1 at 2024-12-06 16:25:56 +0530
Processing by PostsController#index as HTML
  Rendering layout layouts/application.html.erb
  Rendering posts/index.html.erb within layouts/application
  [1m[36mPost Load (0.3ms)[0m  [1m[34mSELECT "posts".* FROM "posts"[0m
  ↳ app/views/posts/index.html.erb:14
  Rendered posts/index.html.erb within layouts/application (Duration: 3.2ms | Allocations: 926)
  Rendered layout layouts/application.html.erb (Duration: 8.3ms | Allocations: 2656)
Completed 200 OK in 13ms (Views: 9.6ms | ActiveRecord: 0.3ms | Allocations: 3056)


Started GET "/posts/new" for ::1 at 2024-12-06 16:25:57 +0530
Processing by PostsController#new as HTML
  Rendering layout layouts/application.html.erb
  Rendering posts/new.html.erb within layouts/application
  Rendered posts/_form.html.erb (Duration: 1.2ms | Allocations: 953)
  Rendered posts/new.html.erb within layouts/application (Duration: 1.9ms | Allocations: 1040)
  Rendered layout layouts/application.html.erb (Duration: 6.4ms | Allocations: 2604)
Completed 200 OK in 10ms (Views: 7.6ms | ActiveRecord: 0.0ms | Allocations: 2910)


Started POST "/posts" for ::1 at 2024-12-06 16:26:01 +0530
Processing by PostsController#create as TURBO_STREAM
  Parameters: {"authenticity_token"=>"[FILTERED]", "post"=>{"title"=>"Test", "body"=>"fdd"}, "commit"=>"Create Post"}
  [1m[36mTRANSACTION (0.1ms)[0m  [1m[36mbegin transaction[0m
  ↳ app/controllers/posts_controller.rb:27:in `block in create'
  [1m[36mPost Create (1.1ms)[0m  [1m[32mINSERT INTO "posts" ("title", "body", "created_at", "updated_at") VALUES (?, ?, ?, ?)[0m  [["title", "Test"], ["body", "fdd"], ["created_at", "2024-12-06 10:56:01.824330"], ["updated_at", "2024-12-06 10:56:01.824330"]]
  ↳ app/controllers/posts_controller.rb:27:in `block in create'
  [1m[36mTRANSACTION (3.9ms)[0m  [1m[36mcommit transaction[0m
  ↳ app/controllers/posts_controller.rb:27:in `block in create'
Redirected to http://localhost:3000/posts/3
Completed 302 Found in 14ms (ActiveRecord: 5.0ms | Allocations: 2423)


Started GET "/posts/3" for ::1 at 2024-12-06 16:26:01 +0530
Processing by PostsController#show as TURBO_STREAM
  Parameters: {"id"=>"3"}
  [1m[36mPost Load (0.2ms)[0m  [1m[34mSELECT "posts".* FROM "posts" WHERE "posts"."id" = ? LIMIT ?[0m  [["id", 3], ["LIMIT", 1]]
  ↳ app/controllers/posts_controller.rb:63:in `set_post'
  Rendering layout layouts/application.html.erb
  Rendering posts/show.html.erb within layouts/application
  Rendered posts/_post.html.erb (Duration: 1.3ms | Allocations: 171)
  Rendered posts/show.html.erb within layouts/application (Duration: 5.8ms | Allocations: 1154)
  Rendered layout layouts/application.html.erb (Duration: 14.0ms | Allocations: 2705)
Completed 200 OK in 21ms (Views: 15.8ms | ActiveRecord: 0.2ms | Allocations: 3596)


Started GET "/posts/3/edit" for ::1 at 2024-12-06 16:26:03 +0530
Processing by PostsController#edit as HTML
  Parameters: {"id"=>"3"}
  [1m[36mPost Load (0.2ms)[0m  [1m[34mSELECT "posts".* FROM "posts" WHERE "posts"."id" = ? LIMIT ?[0m  [["id", 3], ["LIMIT", 1]]
  ↳ app/controllers/posts_controller.rb:63:in `set_post'
  Rendering layout layouts/application.html.erb
  Rendering posts/edit.html.erb within layouts/application
  Rendered posts/_form.html.erb (Duration: 1.3ms | Allocations: 1022)
  Rendered posts/edit.html.erb within layouts/application (Duration: 3.1ms | Allocations: 1295)
  Rendered layout layouts/application.html.erb (Duration: 10.5ms | Allocations: 2846)
Completed 200 OK in 18ms (Views: 12.0ms | ActiveRecord: 0.2ms | Allocations: 3663)


Started GET "/posts/3/edit" for ::1 at 2024-12-06 16:26:04 +0530
Processing by PostsController#edit as HTML
  Parameters: {"id"=>"3"}
  [1m[36mPost Load (0.3ms)[0m  [1m[34mSELECT "posts".* FROM "posts" WHERE "posts"."id" = ? LIMIT ?[0m  [["id", 3], ["LIMIT", 1]]
  ↳ app/controllers/posts_controller.rb:63:in `set_post'
  Rendering layout layouts/application.html.erb
  Rendering posts/edit.html.erb within layouts/application
  Rendered posts/_form.html.erb (Duration: 1.8ms | Allocations: 1024)
  Rendered posts/edit.html.erb within layouts/application (Duration: 2.6ms | Allocations: 1147)
  Rendered layout layouts/application.html.erb (Duration: 7.8ms | Allocations: 2698)
Completed 200 OK in 13ms (Views: 8.9ms | ActiveRecord: 0.3ms | Allocations: 3459)


Started GET "/posts" for ::1 at 2024-12-06 16:26:05 +0530
Processing by PostsController#index as HTML
  Rendering layout layouts/application.html.erb
  Rendering posts/index.html.erb within layouts/application
  [1m[36mPost Load (0.2ms)[0m  [1m[34mSELECT "posts".* FROM "posts"[0m
  ↳ app/views/posts/index.html.erb:14
  Rendered posts/index.html.erb within layouts/application (Duration: 2.2ms | Allocations: 734)
  Rendered layout layouts/application.html.erb (Duration: 7.4ms | Allocations: 2457)
Completed 200 OK in 11ms (Views: 8.5ms | ActiveRecord: 0.2ms | Allocations: 2755)


Started GET "/posts/new" for ::1 at 2024-12-06 16:26:06 +0530
Processing by PostsController#new as HTML
  Rendering layout layouts/application.html.erb
  Rendering posts/new.html.erb within layouts/application
  Rendered posts/_form.html.erb (Duration: 2.0ms | Allocations: 937)
  Rendered posts/new.html.erb within layouts/application (Duration: 6.9ms | Allocations: 1024)
  Rendered layout layouts/application.html.erb (Duration: 18.6ms | Allocations: 2583)
Completed 200 OK in 23ms (Views: 20.2ms | ActiveRecord: 0.0ms | Allocations: 2883)


Started GET "/posts/3/edit" for ::1 at 2024-12-06 16:26:07 +0530
Processing by PostsController#edit as HTML
  Parameters: {"id"=>"3"}
  [1m[36mPost Load (0.2ms)[0m  [1m[34mSELECT "posts".* FROM "posts" WHERE "posts"."id" = ? LIMIT ?[0m  [["id", 3], ["LIMIT", 1]]
  ↳ app/controllers/posts_controller.rb:63:in `set_post'
  Rendering layout layouts/application.html.erb
  Rendering posts/edit.html.erb within layouts/application
  Rendered posts/_form.html.erb (Duration: 1.9ms | Allocations: 1015)
  Rendered posts/edit.html.erb within layouts/application (Duration: 2.8ms | Allocations: 1138)
  Rendered layout layouts/application.html.erb (Duration: 7.8ms | Allocations: 2689)
Completed 200 OK in 14ms (Views: 9.2ms | ActiveRecord: 0.2ms | Allocations: 3450)


Started GET "/posts/3" for ::1 at 2024-12-06 16:26:08 +0530
Processing by PostsController#show as HTML
  Parameters: {"id"=>"3"}
  [1m[36mPost Load (0.1ms)[0m  [1m[34mSELECT "posts".* FROM "posts" WHERE "posts"."id" = ? LIMIT ?[0m  [["id", 3], ["LIMIT", 1]]
  ↳ app/controllers/posts_controller.rb:63:in `set_post'
  Rendering layout layouts/application.html.erb
  Rendering posts/show.html.erb within layouts/application
  Rendered posts/_post.html.erb (Duration: 0.1ms | Allocations: 19)
  Rendered posts/show.html.erb within layouts/application (Duration: 1.4ms | Allocations: 583)
  Rendered layout layouts/application.html.erb (Duration: 7.1ms | Allocations: 2134)
Completed 200 OK in 12ms (Views: 8.2ms | ActiveRecord: 0.1ms | Allocations: 2895)


Started DELETE "/posts/3" for ::1 at 2024-12-06 16:26:10 +0530
Processing by PostsController#destroy as TURBO_STREAM
  Parameters: {"authenticity_token"=>"[FILTERED]", "id"=>"3"}
  [1m[36mPost Load (0.4ms)[0m  [1m[34mSELECT "posts".* FROM "posts" WHERE "posts"."id" = ? LIMIT ?[0m  [["id", 3], ["LIMIT", 1]]
  ↳ app/controllers/posts_controller.rb:63:in `set_post'
  [1m[36mTRANSACTION (0.2ms)[0m  [1m[36mbegin transaction[0m
  ↳ app/controllers/posts_controller.rb:52:in `destroy'
  [1m[36mPost Destroy (1.1ms)[0m  [1m[31mDELETE FROM "posts" WHERE "posts"."id" = ?[0m  [["id", 3]]
  ↳ app/controllers/posts_controller.rb:52:in `destroy'
  [1m[36mTRANSACTION (4.5ms)[0m  [1m[36mcommit transaction[0m
  ↳ app/controllers/posts_controller.rb:52:in `destroy'
Redirected to http://localhost:3000/posts
Completed 303 See Other in 22ms (ActiveRecord: 6.3ms | Allocations: 2380)


Started GET "/posts" for ::1 at 2024-12-06 16:26:10 +0530
Processing by PostsController#index as TURBO_STREAM
  Rendering layout layouts/application.html.erb
  Rendering posts/index.html.erb within layouts/application
  [1m[36mPost Load (0.4ms)[0m  [1m[34mSELECT "posts".* FROM "posts"[0m
  ↳ app/views/posts/index.html.erb:14
  Rendered posts/index.html.erb within layouts/application (Duration: 3.9ms | Allocations: 579)
  Rendered layout layouts/application.html.erb (Duration: 13.7ms | Allocations: 2303)
Completed 200 OK in 17ms (Views: 14.5ms | ActiveRecord: 0.4ms | Allocations: 2602)


Started GET "/posts/new" for ::1 at 2024-12-06 16:26:11 +0530
Processing by PostsController#new as HTML
  Rendering layout layouts/application.html.erb
  Rendering posts/new.html.erb within layouts/application
  Rendered posts/_form.html.erb (Duration: 1.3ms | Allocations: 963)
  Rendered posts/new.html.erb within layouts/application (Duration: 2.6ms | Allocations: 1050)
  Rendered layout layouts/application.html.erb (Duration: 8.7ms | Allocations: 2609)
Completed 200 OK in 12ms (Views: 9.9ms | ActiveRecord: 0.0ms | Allocations: 2909)


Started GET "/posts/new" for ::1 at 2024-12-06 16:27:19 +0530
Processing by PostsController#new as HTML
  Rendering layout layouts/application.html.erb
  Rendering posts/new.html.erb within layouts/application
  Rendered posts/_form.html.erb (Duration: 3.3ms | Allocations: 1520)
  Rendered posts/new.html.erb within layouts/application (Duration: 6.2ms | Allocations: 1874)
  Rendered layout layouts/application.html.erb (Duration: 15.7ms | Allocations: 3803)
Completed 200 OK in 28ms (Views: 23.6ms | ActiveRecord: 0.0ms | Allocations: 4745)


Started GET "/posts/new" for ::1 at 2024-12-06 16:28:13 +0530
Processing by PostsController#new as HTML
  Rendering layout layouts/application.html.erb
  Rendering posts/new.html.erb within layouts/application
  Rendered posts/_form.html.erb (Duration: 2.6ms | Allocations: 1523)
  Rendered posts/new.html.erb within layouts/application (Duration: 6.2ms | Allocations: 1891)
  Rendered layout layouts/application.html.erb (Duration: 12.4ms | Allocations: 3820)
Completed 200 OK in 22ms (Views: 18.6ms | ActiveRecord: 0.0ms | Allocations: 4786)


Started GET "/posts/new" for ::1 at 2024-12-06 16:31:37 +0530
Processing by PostsController#new as HTML
  Rendering layout layouts/application.html.erb
  Rendering posts/new.html.erb within layouts/application
  Rendered posts/_form.html.erb (Duration: 2.8ms | Allocations: 1498)
  Rendered posts/new.html.erb within layouts/application (Duration: 6.0ms | Allocations: 1850)
  Rendered layout layouts/application.html.erb (Duration: 13.0ms | Allocations: 3779)
Completed 200 OK in 23ms (Views: 20.0ms | ActiveRecord: 0.0ms | Allocations: 4745)


Started GET "/posts/new" for ::1 at 2024-12-06 16:32:22 +0530
Processing by PostsController#new as HTML
  Rendering layout layouts/application.html.erb
  Rendering posts/new.html.erb within layouts/application
  Rendered posts/_form.html.erb (Duration: 2.6ms | Allocations: 1524)
  Rendered posts/new.html.erb within layouts/application (Duration: 5.3ms | Allocations: 1876)
  Rendered layout layouts/application.html.erb (Duration: 14.0ms | Allocations: 3805)
Completed 200 OK in 27ms (Views: 21.9ms | ActiveRecord: 0.0ms | Allocations: 4771)


Started GET "/posts/new" for ::1 at 2024-12-06 16:32:41 +0530
Processing by PostsController#new as HTML
  Rendering layout layouts/application.html.erb
  Rendering posts/new.html.erb within layouts/application
  Rendered posts/_form.html.erb (Duration: 2.7ms | Allocations: 1497)
  Rendered posts/new.html.erb within layouts/application (Duration: 5.2ms | Allocations: 1849)
  Rendered layout layouts/application.html.erb (Duration: 11.8ms | Allocations: 3778)
Completed 200 OK in 24ms (Views: 20.1ms | ActiveRecord: 0.0ms | Allocations: 4744)


Started POST "/posts" for ::1 at 2024-12-06 16:32:48 +0530
Processing by PostsController#create as TURBO_STREAM
  Parameters: {"authenticity_token"=>"[FILTERED]", "post"=>{"title"=>"Test", "body"=>"fdhg"}, "commit"=>"Create Post"}
  [1m[36mTRANSACTION (0.1ms)[0m  [1m[36mbegin transaction[0m
  ↳ app/controllers/posts_controller.rb:27:in `block in create'
  [1m[36mPost Create (1.4ms)[0m  [1m[32mINSERT INTO "posts" ("title", "body", "created_at", "updated_at") VALUES (?, ?, ?, ?)[0m  [["title", "Test"], ["body", "fdhg"], ["created_at", "2024-12-06 11:02:48.402920"], ["updated_at", "2024-12-06 11:02:48.402920"]]
  ↳ app/controllers/posts_controller.rb:27:in `block in create'
  [1m[36mTRANSACTION (6.8ms)[0m  [1m[36mcommit transaction[0m
  ↳ app/controllers/posts_controller.rb:27:in `block in create'
Redirected to http://localhost:3000/posts/4
Completed 302 Found in 23ms (ActiveRecord: 8.6ms | Allocations: 2600)


Started GET "/posts/4" for ::1 at 2024-12-06 16:32:48 +0530
Processing by PostsController#show as TURBO_STREAM
  Parameters: {"id"=>"4"}
  [1m[36mPost Load (0.3ms)[0m  [1m[34mSELECT "posts".* FROM "posts" WHERE "posts"."id" = ? LIMIT ?[0m  [["id", 4], ["LIMIT", 1]]
  ↳ app/controllers/posts_controller.rb:63:in `set_post'
  Rendering layout layouts/application.html.erb
  Rendering posts/show.html.erb within layouts/application
  Rendered posts/_post.html.erb (Duration: 1.9ms | Allocations: 171)
  Rendered posts/show.html.erb within layouts/application (Duration: 10.9ms | Allocations: 1134)
  Rendered layout layouts/application.html.erb (Duration: 28.6ms | Allocations: 2685)
Completed 200 OK in 38ms (Views: 30.1ms | ActiveRecord: 0.3ms | Allocations: 3619)


Started GET "/posts" for ::1 at 2024-12-06 16:32:49 +0530
Processing by PostsController#index as HTML
  Rendering layout layouts/application.html.erb
  Rendering posts/index.html.erb within layouts/application
  [1m[36mPost Load (0.3ms)[0m  [1m[34mSELECT "posts".* FROM "posts"[0m
  ↳ app/views/posts/index.html.erb:14
  Rendered posts/index.html.erb within layouts/application (Duration: 4.1ms | Allocations: 1069)
  Rendered layout layouts/application.html.erb (Duration: 10.3ms | Allocations: 2785)
Completed 200 OK in 16ms (Views: 11.6ms | ActiveRecord: 0.3ms | Allocations: 3162)


Started GET "/posts/4/edit" for ::1 at 2024-12-06 16:32:51 +0530
Processing by PostsController#edit as HTML
  Parameters: {"id"=>"4"}
  [1m[36mPost Load (0.1ms)[0m  [1m[34mSELECT "posts".* FROM "posts" WHERE "posts"."id" = ? LIMIT ?[0m  [["id", 4], ["LIMIT", 1]]
  ↳ app/controllers/posts_controller.rb:63:in `set_post'
  Rendering layout layouts/application.html.erb
  Rendering posts/edit.html.erb within layouts/application
  Rendered posts/_form.html.erb (Duration: 3.0ms | Allocations: 935)
  Rendered posts/edit.html.erb within layouts/application (Duration: 5.0ms | Allocations: 1208)
  Rendered layout layouts/application.html.erb (Duration: 11.4ms | Allocations: 2759)
Completed 200 OK in 17ms (Views: 12.8ms | ActiveRecord: 0.1ms | Allocations: 3573)


Started GET "/posts" for ::1 at 2024-12-06 16:32:53 +0530
Processing by PostsController#index as HTML
  Rendering layout layouts/application.html.erb
  Rendering posts/index.html.erb within layouts/application
  [1m[36mPost Load (0.2ms)[0m  [1m[34mSELECT "posts".* FROM "posts"[0m
  ↳ app/views/posts/index.html.erb:14
  Rendered posts/index.html.erb within layouts/application (Duration: 2.7ms | Allocations: 728)
  Rendered layout layouts/application.html.erb (Duration: 8.7ms | Allocations: 2445)
Completed 200 OK in 13ms (Views: 9.6ms | ActiveRecord: 0.2ms | Allocations: 2743)


Started GET "/posts/4" for ::1 at 2024-12-06 16:32:55 +0530
Processing by PostsController#show as HTML
  Parameters: {"id"=>"4"}
  [1m[36mPost Load (0.2ms)[0m  [1m[34mSELECT "posts".* FROM "posts" WHERE "posts"."id" = ? LIMIT ?[0m  [["id", 4], ["LIMIT", 1]]
  ↳ app/controllers/posts_controller.rb:63:in `set_post'
  Rendering layout layouts/application.html.erb
  Rendering posts/show.html.erb within layouts/application
  Rendered posts/_post.html.erb (Duration: 0.1ms | Allocations: 19)
  Rendered posts/show.html.erb within layouts/application (Duration: 1.4ms | Allocations: 601)
  Rendered layout layouts/application.html.erb (Duration: 6.5ms | Allocations: 2152)
Completed 200 OK in 11ms (Views: 7.6ms | ActiveRecord: 0.2ms | Allocations: 2913)


Started GET "/posts" for ::1 at 2024-12-06 16:32:58 +0530
Processing by PostsController#index as HTML
  Rendering layout layouts/application.html.erb
  Rendering posts/index.html.erb within layouts/application
  [1m[36mPost Load (0.4ms)[0m  [1m[34mSELECT "posts".* FROM "posts"[0m
  ↳ app/views/posts/index.html.erb:14
  Rendered posts/index.html.erb within layouts/application (Duration: 2.6ms | Allocations: 727)
  Rendered layout layouts/application.html.erb (Duration: 7.7ms | Allocations: 2442)
Completed 200 OK in 12ms (Views: 8.7ms | ActiveRecord: 0.4ms | Allocations: 2740)


Started GET "/posts" for ::1 at 2024-12-06 16:33:00 +0530
Processing by PostsController#index as HTML
  Rendering layout layouts/application.html.erb
  Rendering posts/index.html.erb within layouts/application
  [1m[36mPost Load (0.2ms)[0m  [1m[34mSELECT "posts".* FROM "posts"[0m
  ↳ app/views/posts/index.html.erb:14
  Rendered posts/index.html.erb within layouts/application (Duration: 4.0ms | Allocations: 727)
  Rendered layout layouts/application.html.erb (Duration: 11.5ms | Allocations: 2477)
Completed 200 OK in 16ms (Views: 12.9ms | ActiveRecord: 0.2ms | Allocations: 2775)


Started GET "/posts/4/edit" for ::1 at 2024-12-06 16:33:05 +0530
Processing by PostsController#edit as HTML
  Parameters: {"id"=>"4"}
  [1m[36mPost Load (0.2ms)[0m  [1m[34mSELECT "posts".* FROM "posts" WHERE "posts"."id" = ? LIMIT ?[0m  [["id", 4], ["LIMIT", 1]]
  ↳ app/controllers/posts_controller.rb:63:in `set_post'
  Rendering layout layouts/application.html.erb
  Rendering posts/edit.html.erb within layouts/application
  Rendered posts/_form.html.erb (Duration: 3.2ms | Allocations: 939)
  Rendered posts/edit.html.erb within layouts/application (Duration: 4.4ms | Allocations: 1062)
  Rendered layout layouts/application.html.erb (Duration: 16.1ms | Allocations: 2613)
Completed 200 OK in 31ms (Views: 21.1ms | ActiveRecord: 0.2ms | Allocations: 3374)


Started GET "/posts/4" for ::1 at 2024-12-06 16:33:06 +0530
Processing by PostsController#show as HTML
  Parameters: {"id"=>"4"}
  [1m[36mPost Load (0.1ms)[0m  [1m[34mSELECT "posts".* FROM "posts" WHERE "posts"."id" = ? LIMIT ?[0m  [["id", 4], ["LIMIT", 1]]
  ↳ app/controllers/posts_controller.rb:63:in `set_post'
  Rendering layout layouts/application.html.erb
  Rendering posts/show.html.erb within layouts/application
  Rendered posts/_post.html.erb (Duration: 0.1ms | Allocations: 19)
  Rendered posts/show.html.erb within layouts/application (Duration: 1.6ms | Allocations: 610)
  Rendered layout layouts/application.html.erb (Duration: 6.2ms | Allocations: 2161)
Completed 200 OK in 12ms (Views: 7.3ms | ActiveRecord: 0.1ms | Allocations: 2923)


Started DELETE "/posts/4" for ::1 at 2024-12-06 16:33:07 +0530
Processing by PostsController#destroy as TURBO_STREAM
  Parameters: {"authenticity_token"=>"[FILTERED]", "id"=>"4"}
  [1m[36mPost Load (0.2ms)[0m  [1m[34mSELECT "posts".* FROM "posts" WHERE "posts"."id" = ? LIMIT ?[0m  [["id", 4], ["LIMIT", 1]]
  ↳ app/controllers/posts_controller.rb:63:in `set_post'
  [1m[36mTRANSACTION (0.1ms)[0m  [1m[36mbegin transaction[0m
  ↳ app/controllers/posts_controller.rb:52:in `destroy'
  [1m[36mPost Destroy (1.1ms)[0m  [1m[31mDELETE FROM "posts" WHERE "posts"."id" = ?[0m  [["id", 4]]
  ↳ app/controllers/posts_controller.rb:52:in `destroy'
  [1m[36mTRANSACTION (4.0ms)[0m  [1m[36mcommit transaction[0m
  ↳ app/controllers/posts_controller.rb:52:in `destroy'
Redirected to http://localhost:3000/posts
Completed 303 See Other in 14ms (ActiveRecord: 5.3ms | Allocations: 2401)


Started GET "/posts" for ::1 at 2024-12-06 16:33:07 +0530
Processing by PostsController#index as TURBO_STREAM
  Rendering layout layouts/application.html.erb
  Rendering posts/index.html.erb within layouts/application
  [1m[36mPost Load (0.2ms)[0m  [1m[34mSELECT "posts".* FROM "posts"[0m
  ↳ app/views/posts/index.html.erb:14
  Rendered posts/index.html.erb within layouts/application (Duration: 11.0ms | Allocations: 579)
  Rendered layout layouts/application.html.erb (Duration: 23.4ms | Allocations: 2339)
Completed 200 OK in 28ms (Views: 24.8ms | ActiveRecord: 0.2ms | Allocations: 2638)


